2024-09-26 17:28:55 [TestNG-PoolService-3] INFO  com.compass.stepdefinitions.LoginSteps - Vehicles Category displayed
2024-09-26 17:28:55 [TestNG-PoolService-2] INFO  com.compass.stepdefinitions.LoginSteps - Electronics Category displayed
2024-09-26 17:28:55 [TestNG-PoolService-4] INFO  com.compass.stepdefinitions.LoginSteps - Property Category displayed
2024-09-26 17:28:56 [TestNG-PoolService-1] INFO  com.compass.stepdefinitions.LoginSteps - Mobile Category displayed
2024-09-26 17:28:56 [TestNG-PoolService-0] INFO  com.compass.stepdefinitions.LoginSteps - Company Logo displayed
2024-09-26 17:29:02 [TestNG-PoolService-0] INFO  com.compass.stepdefinitions.LoginSteps - email login displayed
2024-09-26 17:29:08 [TestNG-PoolService-0] INFO  com.compass.stepdefinitions.LoginSteps - username field displayed
2024-09-26 17:29:08 [TestNG-PoolService-1] INFO  com.compass.stepdefinitions.LoginSteps - Mobile product displayed
2024-09-26 17:29:14 [TestNG-PoolService-3] INFO  com.compass.stepdefinitions.LoginSteps - Vehicles product displayed
2024-09-26 17:29:14 [TestNG-PoolService-2] INFO  com.compass.stepdefinitions.LoginSteps - Electronics product displayed
2024-09-26 17:29:15 [TestNG-PoolService-4] INFO  com.compass.stepdefinitions.LoginSteps - Property product displayed
2024-09-26 17:40:02 [TestNG-PoolService-4] INFO  com.compass.stepdefinitions.LoginSteps - Property Category displayed
2024-09-26 17:40:02 [TestNG-PoolService-3] INFO  com.compass.stepdefinitions.LoginSteps - Vehicles Category displayed
2024-09-26 17:40:04 [TestNG-PoolService-0] INFO  com.compass.stepdefinitions.LoginSteps - Company Logo displayed
2024-09-26 17:40:04 [TestNG-PoolService-1] INFO  com.compass.stepdefinitions.LoginSteps - Mobile Category displayed
2024-09-26 17:40:10 [TestNG-PoolService-0] INFO  com.compass.stepdefinitions.LoginSteps - email login displayed
2024-09-26 17:40:15 [TestNG-PoolService-1] INFO  com.compass.stepdefinitions.LoginSteps - Mobile product displayed
2024-09-26 17:40:16 [TestNG-PoolService-0] INFO  com.compass.stepdefinitions.LoginSteps - username field displayed
2024-09-26 17:40:18 [TestNG-PoolService-4] INFO  com.compass.stepdefinitions.LoginSteps - Property product displayed
2024-09-26 17:40:18 [TestNG-PoolService-3] INFO  com.compass.stepdefinitions.LoginSteps - Vehicles product displayed
2024-09-26 17:41:14 [TestNG-PoolService-3] INFO  com.compass.stepdefinitions.LoginSteps - Vehicles Category displayed
2024-09-26 17:41:14 [TestNG-PoolService-4] INFO  com.compass.stepdefinitions.LoginSteps - Property Category displayed
2024-09-26 17:41:27 [TestNG-PoolService-3] INFO  com.compass.stepdefinitions.LoginSteps - Vehicles product displayed
2024-09-26 17:41:27 [TestNG-PoolService-4] INFO  com.compass.stepdefinitions.LoginSteps - Property product displayed
2024-09-26 17:42:28 [TestNG-PoolService-4] INFO  com.compass.stepdefinitions.LoginSteps - Property Category displayed
2024-09-26 17:42:28 [TestNG-PoolService-3] INFO  com.compass.stepdefinitions.LoginSteps - Vehicles Category displayed
2024-09-26 17:42:41 [TestNG-PoolService-4] INFO  com.compass.stepdefinitions.LoginSteps - Property product displayed
2024-09-26 17:42:41 [TestNG-PoolService-3] INFO  com.compass.stepdefinitions.LoginSteps - Vehicles product displayed
2024-09-26 17:43:51 [TestNG-PoolService-4] INFO  com.compass.stepdefinitions.LoginSteps - Property Category displayed
2024-09-26 17:44:03 [TestNG-PoolService-4] INFO  com.compass.stepdefinitions.LoginSteps - Property product displayed
2024-09-26 17:56:11 [TestNG-PoolService-3] INFO  com.compass.stepdefinitions.LoginSteps - Vehicles Category displayed
2024-09-26 17:56:14 [TestNG-PoolService-2] INFO  com.compass.stepdefinitions.LoginSteps - Electronics Category displayed
2024-09-26 17:56:14 [TestNG-PoolService-0] INFO  com.compass.stepdefinitions.LoginSteps - Company Logo displayed
2024-09-26 17:56:14 [TestNG-PoolService-1] INFO  com.compass.stepdefinitions.LoginSteps - Mobile Category displayed
2024-09-26 17:56:20 [TestNG-PoolService-0] INFO  com.compass.stepdefinitions.LoginSteps - email login displayed
2024-09-26 17:56:25 [TestNG-PoolService-3] INFO  com.compass.stepdefinitions.LoginSteps - Vehicles product displayed
2024-09-26 17:56:26 [TestNG-PoolService-0] INFO  com.compass.stepdefinitions.LoginSteps - username field displayed
2024-09-26 17:56:29 [TestNG-PoolService-2] INFO  com.compass.stepdefinitions.LoginSteps - Electronics product displayed
2024-09-26 17:56:29 [TestNG-PoolService-1] INFO  com.compass.stepdefinitions.LoginSteps - Mobile product displayed
2024-09-27 11:17:47 [TestNG-PoolService-3] INFO  com.compass.stepdefinitions.LoginSteps - Vehicles Category displayed
2024-09-27 11:17:50 [TestNG-PoolService-0] INFO  com.compass.stepdefinitions.LoginSteps - Company Logo displayed
2024-09-27 11:17:50 [TestNG-PoolService-2] INFO  com.compass.stepdefinitions.LoginSteps - Electronics Category displayed
2024-09-27 11:17:51 [TestNG-PoolService-1] INFO  com.compass.stepdefinitions.LoginSteps - Mobile Category displayed
2024-09-27 11:17:56 [TestNG-PoolService-0] INFO  com.compass.stepdefinitions.LoginSteps - email login displayed
2024-09-27 11:18:00 [TestNG-PoolService-3] INFO  com.compass.stepdefinitions.LoginSteps - Vehicles product displayed
2024-09-27 11:18:01 [TestNG-PoolService-2] INFO  com.compass.stepdefinitions.LoginSteps - Electronics product displayed
2024-09-27 11:18:03 [TestNG-PoolService-0] INFO  com.compass.stepdefinitions.LoginSteps - username field displayed
2024-09-27 11:18:07 [TestNG-PoolService-1] INFO  com.compass.stepdefinitions.LoginSteps - Mobile product displayed
